[debug] [2020-04-06T12:52:30.517Z] ----------------------------------------------------------------------
[debug] [2020-04-06T12:52:30.520Z] Command:       C:\Program Files\nodejs\node.exe C:\Users\Kevin\AppData\Roaming\npm\node_modules\firebase-tools\lib\bin\firebase.js serve --only functions
[debug] [2020-04-06T12:52:30.520Z] CLI Version:   8.0.1
[debug] [2020-04-06T12:52:30.521Z] Platform:      win32
[debug] [2020-04-06T12:52:30.521Z] Node Version:  v13.9.0
[debug] [2020-04-06T12:52:30.522Z] Time:          Mon Apr 06 2020 14:52:30 GMT+0200 (Mitteleuropäische Sommerzeit)
[debug] [2020-04-06T12:52:30.522Z] ----------------------------------------------------------------------
[debug] [2020-04-06T12:52:30.522Z] 
[debug] [2020-04-06T12:52:30.532Z] > command requires scopes: ["email","openid","https://www.googleapis.com/auth/cloudplatformprojects.readonly","https://www.googleapis.com/auth/firebase","https://www.googleapis.com/auth/cloud-platform"]
[debug] [2020-04-06T12:52:30.533Z] > authorizing via signed-in user
[debug] [2020-04-06T12:52:30.533Z] [iam] checking project christian-schoenecker for permissions ["firebase.projects.get"]
[debug] [2020-04-06T12:52:30.537Z] >>> HTTP REQUEST POST https://cloudresourcemanager.googleapis.com/v1/projects/christian-schoenecker:testIamPermissions  
 {"permissions":["firebase.projects.get"]}
[debug] [2020-04-06T12:52:31.448Z] <<< HTTP RESPONSE 200 {"content-type":"application/json; charset=UTF-8","vary":"X-Origin, Referer, Origin,Accept-Encoding","date":"Mon, 06 Apr 2020 12:52:32 GMT","server":"ESF","cache-control":"private","x-xss-protection":"0","x-frame-options":"SAMEORIGIN","x-content-type-options":"nosniff","server-timing":"gfet4t7; dur=763","alt-svc":"quic=\":443\"; ma=2592000; v=\"46,43\",h3-Q050=\":443\"; ma=2592000,h3-Q049=\":443\"; ma=2592000,h3-Q048=\":443\"; ma=2592000,h3-Q046=\":443\"; ma=2592000,h3-Q043=\":443\"; ma=2592000,h3-T050=\":443\"; ma=2592000","accept-ranges":"none","transfer-encoding":"chunked"}
[debug] [2020-04-06T12:52:31.450Z] >>> HTTP REQUEST GET https://firebase.googleapis.com/v1beta1/projects/christian-schoenecker  
 
[debug] [2020-04-06T12:52:31.750Z] <<< HTTP RESPONSE 200 {"content-type":"application/json; charset=UTF-8","vary":"X-Origin, Referer, Origin,Accept-Encoding","date":"Mon, 06 Apr 2020 12:52:32 GMT","server":"ESF","cache-control":"private","x-xss-protection":"0","x-frame-options":"SAMEORIGIN","x-content-type-options":"nosniff","alt-svc":"quic=\":443\"; ma=2592000; v=\"46,43\",h3-Q050=\":443\"; ma=2592000,h3-Q049=\":443\"; ma=2592000,h3-Q048=\":443\"; ma=2592000,h3-Q046=\":443\"; ma=2592000,h3-Q043=\":443\"; ma=2592000,h3-T050=\":443\"; ma=2592000","accept-ranges":"none","transfer-encoding":"chunked"}
[warn] !  Your requested "node" version "8" doesn't match your global version "13"
[info] +  functions: functions emulator started at http://localhost:5000
[info] i  functions: Watching "C:\Users\Kevin\Desktop\christian_schoenecker\functions" for Cloud Functions...
[debug] [2020-04-06T12:52:33.799Z] [worker-pool] addWorker(~diagnostic~) 
[debug] [2020-04-06T12:52:33.799Z] [worker-pool] Adding worker with key ~diagnostic~, total=1 
[debug] [2020-04-06T12:52:33.799Z] [worker-pool] submitWork(triggerId=) 
[debug] [2020-04-06T12:52:33.800Z] [worker-~diagnostic~-1eff05e7-58a8-4486-bbfa-a6849e63529e]: Assigning socketPath: \\?\pipe\C:\Users\Kevin\Desktop\christian_schoenecker\functions\27340 
[debug] [2020-04-06T12:52:33.800Z] [worker-~diagnostic~-1eff05e7-58a8-4486-bbfa-a6849e63529e]: BUSY 
[debug] [2020-04-06T12:52:34.295Z] [runtime-status] [27340] Functions runtime initialized. {"cwd":"C:\\Users\\Kevin\\Desktop\\christian_schoenecker\\functions","node_version":"13.9.0"} 
[debug] [2020-04-06T12:52:34.297Z] [runtime-status] [27340] Disabled runtime features: undefined 
[debug] [2020-04-06T12:52:34.302Z] [runtime-status] [27340] Resolved module firebase-admin {"declared":true,"installed":true,"version":"8.10.0","resolution":"C:\\Users\\Kevin\\Desktop\\christian_schoenecker\\functions\\node_modules\\firebase-admin\\lib\\index.js"} 
[debug] [2020-04-06T12:52:34.304Z] [runtime-status] [27340] Resolved module firebase-functions {"declared":true,"installed":true,"version":"3.6.0","resolution":"C:\\Users\\Kevin\\Desktop\\christian_schoenecker\\functions\\node_modules\\firebase-functions\\lib\\index.js"} 
[debug] [2020-04-06T12:52:34.307Z] [runtime-status] [27340] Outgoing network have been stubbed. [{"name":"http","status":"mocked"},{"name":"http","status":"mocked"},{"name":"https","status":"mocked"},{"name":"https","status":"mocked"},{"name":"net","status":"mocked"}] 
[debug] [2020-04-06T12:52:34.362Z] [runtime-status] [27340] Checked functions.config() {"config":{}} 
[debug] [2020-04-06T12:52:34.363Z] [runtime-status] [27340] Resolved module firebase-functions {"declared":true,"installed":true,"version":"3.6.0","resolution":"C:\\Users\\Kevin\\Desktop\\christian_schoenecker\\functions\\node_modules\\firebase-functions\\lib\\index.js"} 
[debug] [2020-04-06T12:52:34.365Z] [runtime-status] [27340] Resolved module firebase-admin {"declared":true,"installed":true,"version":"8.10.0","resolution":"C:\\Users\\Kevin\\Desktop\\christian_schoenecker\\functions\\node_modules\\firebase-admin\\lib\\index.js"} 
[debug] [2020-04-06T12:52:34.365Z] [runtime-status] [27340] Resolved module firebase-functions {"declared":true,"installed":true,"version":"3.6.0","resolution":"C:\\Users\\Kevin\\Desktop\\christian_schoenecker\\functions\\node_modules\\firebase-functions\\lib\\index.js"} 
[debug] [2020-04-06T12:52:34.366Z] [runtime-status] [27340] firebase-admin has been stubbed. {"adminResolution":{"declared":true,"installed":true,"version":"8.10.0","resolution":"C:\\Users\\Kevin\\Desktop\\christian_schoenecker\\functions\\node_modules\\firebase-admin\\lib\\index.js"}} 
[debug] [2020-04-06T12:52:34.575Z] [runtime-status] [27340] initializeApp(DEFAULT) {"databaseURL":"https://christian-schoenecker.firebaseio.com","storageBucket":"christian-schoenecker.appspot.com","projectId":"christian-schoenecker","credential":{"implicit":false,"projectId":"christian-schoenecker","privateKey":"-----BEGIN PRIVATE KEY-----\nMIIEvQIBADANBgkqhkiG9w0BAQEFAASCBKcwggSjAgEAAoIBAQCUuxX1lx4MsREH\nmgCmH9hjODzE3Z6CLfFer09s9aE5c6ptgVtv5Nw3KSQ/0h0M5+WprwJDZ+TL/u4a\nr1EScVBRRhjFnjCzAVF2RerecivaZiDgtwVqbBpP6M2GPqe6B8gu+a/7zlu4rAbu\ne2k8Epy9o7+JeNQzws2AWYe214ZoG/oFywtArJjnyMXebJAczaGMylDFHIbKeFJf\nvZ+CqBurd7KbA+b7Ol5MzckBeKrebY5JEemJH3hISAFR7TNHCK1vgU7TFQFZ3lL9\nO73/bEdpok2YvpYcexaJOY4gZZ6/iRLFffGctG0mdEKQnvOIZnBuszAiaR3t3QGG\nH0nqtQ6dAgMBAAECggEAJdJ1wSCO2bdll0NIivZqNsEkYwPgvUYlrWhzkEfemheZ\n7YMJ16ihf72MpFYwYQnP05jXwIB5JI9NyadvvHroa+Khhg+2Xq8lIiihk7QBBucV\n0U95pxiakFupeEwSpzI3bAq/AA/4Lzw//wGPP2GUTn2HxdPeUtNlIxChfJPOcEbZ\nyobLlZBwehIbaY+GtamgSOeP+ESBbNk2503VFu0g6TEonhs+jqnR4UDedidfbFdG\n97NTLDKwnDAtHiQFoYORajDooU2b+ASL/od2jIoHlsygiWSL71SS4LcNfxPsfBDw\nXxq3GIoMx86ohFBwQjdLyr4n311S5AaqSXsT2zuPWQKBgQDGOyFHGikI99TXhPMG\nKGqhg35M7iX6K1fvWgQyXGmhbx6YQPkTG7bvvCgedvBfB5hn/Nd0H38wTubJlJ5m\nG/2YcvNTYQVJiELvHA03bWJjD0Gr7IM9Z7VRztvl+1rXywGFe/HIVcJxqoP3MFJB\nCet6s16sQjcha+3nZdoSo3eMhwKBgQDAEwiKHM4+s9po3vGvekufQZx9voBuT0Wv\nqfLed+XRimEAT7jaawsehQ3BC0mhpeIITIAXGxLzei6J0l11fzN3VDKDMwxpTRFU\nKh9NVjcsUfTfJUmcil6SmhQy+M/7w+A8xCuCWXPZ+C8Vai1aUGfCTcdvDdv+ZDu/\nKINvxRVYuwKBgBtKws8mQ+YPMQenL0p2wA+Sqg3vb90coJO8of1JCeYHBYBS2bgO\nxcYF8sQW/gsnYY1Xm1ZKi9lb05yHULOgQO7/TI77OZ4hG44OH6e08KnQzOrdukf3\nAljMESx9yckSExiMswIxBH9fyaF7zqdTtU8EaRFwYGTCllOYi0irpub7AoGBALNy\nFMxT1Swng6nugAXdT8Fd3wJrdDmavhQ7xrepdICrs6xCzwTgdObyj8MG9Kec/uuZ\n7SGpHa9zOv9wFfir+j1F4FtK2hGW+tWS9OOf5LP3bbr8byVc8LYuVSi55DXm7hxX\nef6x69Z8VCDBrdVuwUF6wRQz8pBcvKT/CKznh+X5AoGAFw2sPXE+duvgIU3Wk3kQ\neA18FjlrJnnReR30Tzblw5SLOZyN1RPPw+Wyetb5tj0gKZcmLK+VeGK9wVecCcLS\nYlD63YSJRYkVX9SneOFueJOn+zq8T2oXcqcuBYnpVmQ6wFaGdE0SpGaBzMQsoEkg\nxPuvXi3YSM8F2bHbP3O5XFA=\n-----END PRIVATE KEY-----\n","clientEmail":"firebase-adminsdk-ikbhu@christian-schoenecker.iam.gserviceaccount.com","httpClient":{"retry":{"maxRetries":4,"statusCodes":[503],"ioErrorCodes":["ECONNRESET","ETIMEDOUT"],"backOffFactor":0.5,"maxDelayInMillis":60000}}}} 
[info] +  functions[appFunction]: http function initialized (http://localhost:5000/christian-schoenecker/us-central1/appFunction).
[debug] [2020-04-06T12:52:34.580Z] [worker-~diagnostic~-1eff05e7-58a8-4486-bbfa-a6849e63529e]: IDLE 
